22:20:42 **** Incremental Build of configuration Debug for project day_10_03 ****
make -j8 all 
arm-none-eabi-gcc -o "day_10_03.elf" @"objects.list"   -mcpu=cortex-m4 -T"/home/shubhaam/Desktop/repositery/MCPI assign/MCPI-REPO/day_10_01/day_10_03/STM32F407VGTX_FLASH.ld" --specs=nosys.specs -Wl,-Map="day_10_03.map" -Wl,--gc-sections -static --specs=nano.specs -mfpu=fpv4-sp-d16 -mfloat-abi=soft -mthumb -Wl,--start-group -lc -lm -Wl,--end-group
/opt/st/stm32cubeide_1.15.0/plugins/com.st.stm32cube.ide.mcu.externaltools.gnu-tools-for-stm32.12.3.rel1.linux64_1.0.100.202403111256/tools/bin/../lib/gcc/arm-none-eabi/12.3.1/../../../../arm-none-eabi/bin/ld: ./Src/timer.o:/home/shubhaam/Desktop/repositery/MCPI assign/MCPI-REPO/day_10_01/day_10_03/Debug/../Src/timer.c:10: multiple definition of `count'; ./Src/main.o:/home/shubhaam/Desktop/repositery/MCPI assign/MCPI-REPO/day_10_01/day_10_03/Debug/../Src/main.c:27: first defined here
collect2: error: ld returned 1 exit status
make: *** [makefile:63: day_10_03.elf] Error 1
"make -j8 all" terminated with exit code 2. Build might be incomplete.

22:20:43 Build Failed. 2 errors, 0 warnings. (took 1s.207ms)

